<?xml version="1.0" encoding="UTF-8"?>
<!-- Generated by org.testng.reporters.JUnitXMLReporter -->
<testsuite ignored="0" hostname="Jayanth" failures="0" tests="5" name="Edge Test" time="1.134" errors="0" timestamp="2025-07-29T20:13:41 IST">
  <testcase classname="com.max.tests.Tests" name="loginTest" time="0.0">
    <skipped/>
  </testcase> <!-- loginTest -->
  <testcase classname="com.max.tests.Tests" name="Mens" time="0.001">
    <skipped/>
  </testcase> <!-- Mens -->
  <testcase classname="com.max.tests.Tests" name="women" time="0.0">
    <skipped/>
  </testcase> <!-- women -->
  <testcase classname="com.max.tests.Tests" name="kids" time="0.0">
    <skipped/>
  </testcase> <!-- kids -->
  <testcase classname="com.max.tests.Tests" name="checkoutWithGpay" time="0.0">
    <skipped/>
  </testcase> <!-- checkoutWithGpay -->
</testsuite> <!-- Edge Test -->
