<?xml version="1.0" encoding="UTF-8"?>
<!-- Generated by org.testng.reporters.JUnitXMLReporter -->
<testsuite ignored="0" hostname="Jayanth" failures="1" tests="5" name="edge" time="0.105" errors="0" timestamp="2025-07-29T22:46:26 IST">
  <testcase classname="com.max.tests.Tests" name="loginTest" time="0.02">
    <failure type="java.lang.NullPointerException" message="Cannot invoke &amp;quot;org.openqa.selenium.WebDriver.findElement(org.openqa.selenium.By)&amp;quot; because &amp;quot;this.driver&amp;quot; is null">
      <![CDATA[java.lang.NullPointerException: Cannot invoke "org.openqa.selenium.WebDriver.findElement(org.openqa.selenium.By)" because "this.driver" is null
at com.max.pages.Pages.getLoginButton(Pages.java:53)
at com.max.tests.Tests.loginTest(Tests.java:18)
at java.base/java.util.ArrayList.forEach(ArrayList.java:1596)
at java.base/java.util.concurrent.FutureTask.run(FutureTask.java:317)
at java.base/java.util.concurrent.ThreadPoolExecutor.runWorker(ThreadPoolExecutor.java:1144)
at java.base/java.util.concurrent.ThreadPoolExecutor$Worker.run(ThreadPoolExecutor.java:642)
at java.base/java.lang.Thread.run(Thread.java:1583)
... Removed 15 stack frames]]>
    </failure>
  </testcase> <!-- loginTest -->
  <testcase classname="com.max.tests.Tests" name="Mens" time="0.0">
    <skipped/>
  </testcase> <!-- Mens -->
  <testcase classname="com.max.tests.Tests" name="women" time="0.0">
    <skipped/>
  </testcase> <!-- women -->
  <testcase classname="com.max.tests.Tests" name="kids" time="0.001">
    <skipped/>
  </testcase> <!-- kids -->
  <testcase classname="com.max.tests.Tests" name="checkoutWithGpay" time="0.0">
    <skipped/>
  </testcase> <!-- checkoutWithGpay -->
</testsuite> <!-- edge -->
