<?xml version="1.0" encoding="UTF-8"?>
<!-- Generated by org.testng.reporters.JUnitXMLReporter -->
<testsuite ignored="0" hostname="Jayanth" failures="0" tests="5" name="MaxTest" time="49.816" errors="0" timestamp="2025-07-24T22:23:38 IST">
  <testcase classname="Max1.SigninTestNG" name="loginWithMobileNumber" time="16.528"/>
  <testcase classname="Max1.SigninTestNG" name="buyMenProduct" time="10.338"/>
  <testcase classname="Max1.SigninTestNG" name="buyWomenProduct" time="9.229"/>
  <testcase classname="Max1.SigninTestNG" name="buyKidsProduct" time="1.125"/>
  <testcase classname="Max1.SigninTestNG" name="checkoutCart" time="10.048"/>
</testsuite> <!-- MaxTest -->
